<?xml version='1.0'?>
<ns2:test-suite xmlns:ns2='urn:model.allure.qatools.yandex.ru' start='1666151848711' stop='1666151859736'>
    <name>sceanrio: 1:Scenario name</name>
    <title>sceanrio: 1:Scenario name</title>
    <test-cases>
        <test-case start='1666151848713' status='passed' stop='1666151848718'>
            <name></name>
            <title></title>
            <labels>
                <label name='language' value='javascript'/>
                <label name='framework' value='wdio'/>
                <label name='thread' value='0-0'/>
            </labels>
            <parameters>
                <parameter kind='argument' name='browser' value='chrome-106.0.5249.119'/>
            </parameters>
            <steps/>
            <attachments/>
        </test-case>
        <test-case start='1666151848719' status='passed' stop='1666151854343'>
            <name>Given User opens "uitestingplayground" link</name>
            <title>Given User opens "uitestingplayground" link</title>
            <labels>
                <label name='language' value='javascript'/>
                <label name='framework' value='wdio'/>
                <label name='thread' value='0-0'/>
            </labels>
            <parameters>
                <parameter kind='argument' name='browser' value='chrome-106.0.5249.119'/>
            </parameters>
            <steps>
                <step start='1666151848723' status='passed' stop='1666151849217'>
                    <name>POST /session/:sessionId/url</name>
                    <title>POST /session/:sessionId/url</title>
                    <attachments>
                        <attachment title='Request' source='c50c1a06-4ce3-4dc3-9a3b-fda61280d910-attachment.json' type='application/json' size='46'/>
                    </attachments>
                    <steps/>
                </step>
                <step start='1666151854232' status='passed' stop='1666151854341'>
                    <name>GET /session/:sessionId/screenshot</name>
                    <title>GET /session/:sessionId/screenshot</title>
                    <attachments>
                        <attachment title='Screenshot' source='4c8b631e-c556-4d14-9958-b85624befe29-attachment.png' type='image/png' size='129815'/>
                    </attachments>
                    <steps/>
                </step>
            </steps>
            <attachments/>
        </test-case>
        <test-case start='1666151854343' status='passed' stop='1666151859730'>
            <name>Given User selects "class attribute" header</name>
            <title>Given User selects "class attribute" header</title>
            <labels>
                <label name='language' value='javascript'/>
                <label name='framework' value='wdio'/>
                <label name='thread' value='0-0'/>
            </labels>
            <parameters>
                <parameter kind='argument' name='browser' value='chrome-106.0.5249.119'/>
            </parameters>
            <steps>
                <step start='1666151854345' status='passed' stop='1666151854361'>
                    <name>POST /session/:sessionId/element</name>
                    <title>POST /session/:sessionId/element</title>
                    <attachments>
                        <attachment title='Request' source='34f4625e-0992-4885-a292-10185bb81cc7-attachment.json' type='application/json' size='78'/>
                        <attachment title='Response' source='c79fc692-bbe8-4b41-9a4c-a3ad24beb68a-attachment.json' type='application/json' size='83'/>
                    </attachments>
                    <steps/>
                </step>
                <step start='1666151854366' status='passed' stop='1666151854373'>
                    <name>POST /session/:sessionId/execute/sync</name>
                    <title>POST /session/:sessionId/execute/sync</title>
                    <attachments>
                        <attachment title='Request' source='529902fe-d7f4-4a93-a593-81ec033468b9-attachment.json' type='application/json' size='302'/>
                    </attachments>
                    <steps/>
                </step>
                <step start='1666151854374' status='passed' stop='1666151854384'>
                    <name>POST /session/:sessionId/element</name>
                    <title>POST /session/:sessionId/element</title>
                    <attachments>
                        <attachment title='Request' source='77f5f36a-b6ad-42d4-bb50-c45bee7f4d3e-attachment.json' type='application/json' size='78'/>
                        <attachment title='Response' source='e5ce7c2b-dfe8-4a77-abf9-a58d44c7b5df-attachment.json' type='application/json' size='83'/>
                    </attachments>
                    <steps/>
                </step>
                <step start='1666151854388' status='passed' stop='1666151854605'>
                    <name>POST /session/:sessionId/element/f569d299-c16a-4217-96d4-5683a8324cbf/click</name>
                    <title>POST /session/:sessionId/element/f569d299-c16a-4217-96d4-5683a8324cbf/click</title>
                    <attachments/>
                    <steps/>
                </step>
                <step start='1666151859610' status='passed' stop='1666151859730'>
                    <name>GET /session/:sessionId/screenshot</name>
                    <title>GET /session/:sessionId/screenshot</title>
                    <attachments>
                        <attachment title='Screenshot' source='eab1cb71-e3c2-4fd3-a48b-f053eb47bb6e-attachment.png' type='image/png' size='73325'/>
                    </attachments>
                    <steps/>
                </step>
            </steps>
            <attachments/>
        </test-case>
        <test-case start='1666151859731' status='broken' stop='1666151859732'>
            <name>When User is displayed with "Class Attribute" browser title</name>
            <title>When User is displayed with "Class Attribute" browser title</title>
            <labels>
                <label name='language' value='javascript'/>
                <label name='framework' value='wdio'/>
                <label name='thread' value='0-0'/>
            </labels>
            <parameters>
                <parameter kind='argument' name='browser' value='chrome-106.0.5249.119'/>
            </parameters>
            <steps/>
            <attachments/>
            <failure>
                <message>Step "User is displayed with "Class Attribute" browser title" is not defined. You can ignore this error by setting cucumberOpts.ignoreUndefinedDefinitions as true.</message>
                <stack-trace>Step "User is displayed with "Class Attribute" browser title" is not defined. You can ignore this error by setting cucumberOpts.ignoreUndefinedDefinitions as true.
                	at Feature(C:\Users\Sidhant\Desktop\interview\tcoe-interviews\scenarios\uiplayground\test\features\ClassAttribute.feature):1:1
                	at Scenario(1:Scenario name):7:1
                	at Step(User is displayed with "Class Attribute" browser title):9:1
                </stack-trace>
            </failure>
        </test-case>
        <test-case start='1666151859733' status='broken' stop='1666151859733'>
            <name>Then User is navigated to "class attribute" url</name>
            <title>Then User is navigated to "class attribute" url</title>
            <labels>
                <label name='language' value='javascript'/>
                <label name='framework' value='wdio'/>
                <label name='thread' value='0-0'/>
            </labels>
            <parameters>
                <parameter kind='argument' name='browser' value='chrome-106.0.5249.119'/>
            </parameters>
            <steps/>
            <attachments/>
            <failure>
                <message>Step "User is navigated to "class attribute" url" is not defined. You can ignore this error by setting cucumberOpts.ignoreUndefinedDefinitions as true.</message>
                <stack-trace>Step "User is navigated to "class attribute" url" is not defined. You can ignore this error by setting cucumberOpts.ignoreUndefinedDefinitions as true.
                	at Feature(C:\Users\Sidhant\Desktop\interview\tcoe-interviews\scenarios\uiplayground\test\features\ClassAttribute.feature):1:1
                	at Scenario(1:Scenario name):7:1
                	at Step(User is navigated to "class attribute" url):10:1
                </stack-trace>
            </failure>
        </test-case>
        <test-case start='1666151859733' status='passed' stop='1666151859734'>
            <name></name>
            <title></title>
            <labels>
                <label name='language' value='javascript'/>
                <label name='framework' value='wdio'/>
                <label name='thread' value='0-0'/>
            </labels>
            <parameters>
                <parameter kind='argument' name='browser' value='chrome-106.0.5249.119'/>
            </parameters>
            <steps/>
            <attachments/>
        </test-case>
    </test-cases>
</ns2:test-suite>