<?xml version='1.0'?>
<ns2:test-suite xmlns:ns2='urn:model.allure.qatools.yandex.ru' start='1666151567585' stop='1666151573466'>
    <name>sceanrio: 1:Scenario name</name>
    <title>sceanrio: 1:Scenario name</title>
    <test-cases>
        <test-case start='1666151567586' status='passed' stop='1666151567592'>
            <name></name>
            <title></title>
            <labels>
                <label name='language' value='javascript'/>
                <label name='framework' value='wdio'/>
                <label name='thread' value='0-0'/>
            </labels>
            <parameters>
                <parameter kind='argument' name='browser' value='chrome-106.0.5249.119'/>
            </parameters>
            <steps/>
            <attachments/>
        </test-case>
        <test-case start='1666151567592' status='passed' stop='1666151573312'>
            <name>Given User opens "uitestingplayground" link</name>
            <title>Given User opens "uitestingplayground" link</title>
            <labels>
                <label name='language' value='javascript'/>
                <label name='framework' value='wdio'/>
                <label name='thread' value='0-0'/>
            </labels>
            <parameters>
                <parameter kind='argument' name='browser' value='chrome-106.0.5249.119'/>
            </parameters>
            <steps>
                <step start='1666151567595' status='passed' stop='1666151568133'>
                    <name>POST /session/:sessionId/url</name>
                    <title>POST /session/:sessionId/url</title>
                    <attachments>
                        <attachment title='Request' source='367e514e-76af-4779-b3a2-308fb77453dc-attachment.json' type='application/json' size='46'/>
                    </attachments>
                    <steps/>
                </step>
                <step start='1666151573148' status='passed' stop='1666151573310'>
                    <name>GET /session/:sessionId/screenshot</name>
                    <title>GET /session/:sessionId/screenshot</title>
                    <attachments>
                        <attachment title='Screenshot' source='1210da7d-a215-4116-9d7e-8a5915f40baa-attachment.png' type='image/png' size='129815'/>
                    </attachments>
                    <steps/>
                </step>
            </steps>
            <attachments/>
        </test-case>
        <test-case start='1666151573312' status='broken' stop='1666151573461'>
            <name>Given User selects "class attribute" header</name>
            <title>Given User selects "class attribute" header</title>
            <labels>
                <label name='language' value='javascript'/>
                <label name='framework' value='wdio'/>
                <label name='thread' value='0-0'/>
            </labels>
            <parameters>
                <parameter kind='argument' name='browser' value='chrome-106.0.5249.119'/>
            </parameters>
            <steps>
                <step start='1666151573324' status='passed' stop='1666151573459'>
                    <name>GET /session/:sessionId/screenshot</name>
                    <title>GET /session/:sessionId/screenshot</title>
                    <attachments>
                        <attachment title='Screenshot' source='463a4278-927f-4894-8f44-93946a545f68-attachment.png' type='image/png' size='129815'/>
                    </attachments>
                    <steps/>
                </step>
            </steps>
            <attachments/>
            <failure>
                <message>TypeError: strheader.tolowercase is not a function</message>
                <stack-trace>TypeError: strheader.tolowercase is not a function
                    at World.&lt;anonymous> (C:\Users\Sidhant\Desktop\interview\tcoe-interviews\scenarios\uiplayground\test\stepdefintions\Common.ts:14:23)
                    at World.executeAsync (C:\Users\Sidhant\Desktop\interview\tcoe-interviews\node_modules\@wdio\cucumber-framework\node_modules\@wdio\utils\build\shim.js:333:27)
                    at World.testFrameworkFnWrapper (C:\Users\Sidhant\Desktop\interview\tcoe-interviews\node_modules\@wdio\cucumber-framework\node_modules\@wdio\utils\build\test-framework\testFnWrapper.js:51:32)
                    at async wrapPromiseWithTimeout (C:\Users\Sidhant\Desktop\interview\tcoe-interviews\node_modules\@cucumber\cucumber\src\time.ts:72:10)
                    at async Object.run (C:\Users\Sidhant\Desktop\interview\tcoe-interviews\node_modules\@cucumber\cucumber\src\user_code_runner.ts:86:16)
                    at async Object.run (C:\Users\Sidhant\Desktop\interview\tcoe-interviews\node_modules\@cucumber\cucumber\src\runtime\step_runner.ts:50:20)
                    at async TestCaseRunner.invokeStep (C:\Users\Sidhant\Desktop\interview\tcoe-interviews\node_modules\@cucumber\cucumber\src\runtime\test_case_runner.ts:130:12)
                    at async TestCaseRunner.runStep (C:\Users\Sidhant\Desktop\interview\tcoe-interviews\node_modules\@cucumber\cucumber\src\runtime\test_case_runner.ts:312:20)
                    at async C:\Users\Sidhant\Desktop\interview\tcoe-interviews\node_modules\@cucumber\cucumber\src\runtime\test_case_runner.ts:214:36</stack-trace>
            </failure>
        </test-case>
        <test-case start='1666151573461' status='broken' stop='1666151573461'>
            <name>When User is displayed with "Class Attribute" browser title</name>
            <title>When User is displayed with "Class Attribute" browser title</title>
            <labels>
                <label name='language' value='javascript'/>
                <label name='framework' value='wdio'/>
                <label name='thread' value='0-0'/>
            </labels>
            <parameters>
                <parameter kind='argument' name='browser' value='chrome-106.0.5249.119'/>
            </parameters>
            <steps/>
            <attachments/>
            <failure>
                <message>Step "User is displayed with "Class Attribute" browser title" is not defined. You can ignore this error by setting cucumberOpts.ignoreUndefinedDefinitions as true.</message>
                <stack-trace>Step "User is displayed with "Class Attribute" browser title" is not defined. You can ignore this error by setting cucumberOpts.ignoreUndefinedDefinitions as true.
                	at Feature(C:\Users\Sidhant\Desktop\interview\tcoe-interviews\scenarios\uiplayground\test\features\ClassAttribute.feature):1:1
                	at Scenario(1:Scenario name):7:1
                	at Step(User is displayed with "Class Attribute" browser title):9:1
                </stack-trace>
            </failure>
        </test-case>
        <test-case start='1666151573461' status='broken' stop='1666151573462'>
            <name>Then User is navigated to "class attribute" url</name>
            <title>Then User is navigated to "class attribute" url</title>
            <labels>
                <label name='language' value='javascript'/>
                <label name='framework' value='wdio'/>
                <label name='thread' value='0-0'/>
            </labels>
            <parameters>
                <parameter kind='argument' name='browser' value='chrome-106.0.5249.119'/>
            </parameters>
            <steps/>
            <attachments/>
            <failure>
                <message>Step "User is navigated to "class attribute" url" is not defined. You can ignore this error by setting cucumberOpts.ignoreUndefinedDefinitions as true.</message>
                <stack-trace>Step "User is navigated to "class attribute" url" is not defined. You can ignore this error by setting cucumberOpts.ignoreUndefinedDefinitions as true.
                	at Feature(C:\Users\Sidhant\Desktop\interview\tcoe-interviews\scenarios\uiplayground\test\features\ClassAttribute.feature):1:1
                	at Scenario(1:Scenario name):7:1
                	at Step(User is navigated to "class attribute" url):10:1
                </stack-trace>
            </failure>
        </test-case>
        <test-case start='1666151573462' status='passed' stop='1666151573463'>
            <name></name>
            <title></title>
            <labels>
                <label name='language' value='javascript'/>
                <label name='framework' value='wdio'/>
                <label name='thread' value='0-0'/>
            </labels>
            <parameters>
                <parameter kind='argument' name='browser' value='chrome-106.0.5249.119'/>
            </parameters>
            <steps/>
            <attachments/>
        </test-case>
    </test-cases>
</ns2:test-suite>