<?xml version='1.0'?>
<ns2:test-suite xmlns:ns2='urn:model.allure.qatools.yandex.ru' start='1666150013942' stop='1666150019176'>
    <name>sceanrio: 1:Scenario name</name>
    <title>sceanrio: 1:Scenario name</title>
    <test-cases>
        <test-case start='1666150013942' status='passed' stop='1666150013946'>
            <name></name>
            <title></title>
            <labels>
                <label name='language' value='javascript'/>
                <label name='framework' value='wdio'/>
                <label name='thread' value='0-0'/>
            </labels>
            <parameters>
                <parameter kind='argument' name='browser' value='chrome-106.0.5249.119'/>
            </parameters>
            <steps/>
            <attachments/>
        </test-case>
        <test-case start='1666150013947' status='passed' stop='1666150019060'>
            <name>Given User opens "uitestingplayground" link</name>
            <title>Given User opens "uitestingplayground" link</title>
            <labels>
                <label name='language' value='javascript'/>
                <label name='framework' value='wdio'/>
                <label name='thread' value='0-0'/>
            </labels>
            <parameters>
                <parameter kind='argument' name='browser' value='chrome-106.0.5249.119'/>
            </parameters>
            <steps>
                <step start='1666150018956' status='passed' stop='1666150018966'>
                    <name>GET /session/:sessionId/url</name>
                    <title>GET /session/:sessionId/url</title>
                    <attachments>
                        <attachment title='Response' source='e308ea82-7f4b-4abb-863f-b5ab47169c5d-attachment.json' type='application/json' size='8'/>
                    </attachments>
                    <steps/>
                </step>
                <step start='1666150018967' status='passed' stop='1666150019059'>
                    <name>GET /session/:sessionId/screenshot</name>
                    <title>GET /session/:sessionId/screenshot</title>
                    <attachments>
                        <attachment title='Screenshot' source='f84859a8-b66a-4af5-95de-359e109a1eb4-attachment.png' type='image/png' size='6038'/>
                    </attachments>
                    <steps/>
                </step>
            </steps>
            <attachments/>
        </test-case>
        <test-case start='1666150019060' status='passed' stop='1666150019173'>
            <name>Given User selects "class attribute" header</name>
            <title>Given User selects "class attribute" header</title>
            <labels>
                <label name='language' value='javascript'/>
                <label name='framework' value='wdio'/>
                <label name='thread' value='0-0'/>
            </labels>
            <parameters>
                <parameter kind='argument' name='browser' value='chrome-106.0.5249.119'/>
            </parameters>
            <steps>
                <step start='1666150019061' status='passed' stop='1666150019172'>
                    <name>GET /session/:sessionId/screenshot</name>
                    <title>GET /session/:sessionId/screenshot</title>
                    <attachments>
                        <attachment title='Screenshot' source='fe00d35e-9c91-4714-ba07-f22c443a6d4c-attachment.png' type='image/png' size='6038'/>
                    </attachments>
                    <steps/>
                </step>
            </steps>
            <attachments/>
        </test-case>
        <test-case start='1666150019173' status='broken' stop='1666150019174'>
            <name>When User is displayed with "Class Attribute" browser title</name>
            <title>When User is displayed with "Class Attribute" browser title</title>
            <labels>
                <label name='language' value='javascript'/>
                <label name='framework' value='wdio'/>
                <label name='thread' value='0-0'/>
            </labels>
            <parameters>
                <parameter kind='argument' name='browser' value='chrome-106.0.5249.119'/>
            </parameters>
            <steps/>
            <attachments/>
            <failure>
                <message>Step "User is displayed with "Class Attribute" browser title" is not defined. You can ignore this error by setting cucumberOpts.ignoreUndefinedDefinitions as true.</message>
                <stack-trace>Step "User is displayed with "Class Attribute" browser title" is not defined. You can ignore this error by setting cucumberOpts.ignoreUndefinedDefinitions as true.
                	at Feature(C:\Users\Sidhant\Desktop\interview\tcoe-interviews\scenarios\uiplayground\test\features\ClassAttribute.feature):1:1
                	at Scenario(1:Scenario name):7:1
                	at Step(User is displayed with "Class Attribute" browser title):9:1
                </stack-trace>
            </failure>
        </test-case>
        <test-case start='1666150019174' status='broken' stop='1666150019175'>
            <name>Then User is navigated to "class attribute" url</name>
            <title>Then User is navigated to "class attribute" url</title>
            <labels>
                <label name='language' value='javascript'/>
                <label name='framework' value='wdio'/>
                <label name='thread' value='0-0'/>
            </labels>
            <parameters>
                <parameter kind='argument' name='browser' value='chrome-106.0.5249.119'/>
            </parameters>
            <steps/>
            <attachments/>
            <failure>
                <message>Step "User is navigated to "class attribute" url" is not defined. You can ignore this error by setting cucumberOpts.ignoreUndefinedDefinitions as true.</message>
                <stack-trace>Step "User is navigated to "class attribute" url" is not defined. You can ignore this error by setting cucumberOpts.ignoreUndefinedDefinitions as true.
                	at Feature(C:\Users\Sidhant\Desktop\interview\tcoe-interviews\scenarios\uiplayground\test\features\ClassAttribute.feature):1:1
                	at Scenario(1:Scenario name):7:1
                	at Step(User is navigated to "class attribute" url):10:1
                </stack-trace>
            </failure>
        </test-case>
        <test-case start='1666150019175' status='passed' stop='1666150019175'>
            <name></name>
            <title></title>
            <labels>
                <label name='language' value='javascript'/>
                <label name='framework' value='wdio'/>
                <label name='thread' value='0-0'/>
            </labels>
            <parameters>
                <parameter kind='argument' name='browser' value='chrome-106.0.5249.119'/>
            </parameters>
            <steps/>
            <attachments/>
        </test-case>
    </test-cases>
</ns2:test-suite>