<?xml version='1.0'?>
<ns2:test-suite xmlns:ns2='urn:model.allure.qatools.yandex.ru' start='1666149911814' stop='1666149912055'>
    <name>sceanrio: 1:Scenario name</name>
    <title>sceanrio: 1:Scenario name</title>
    <test-cases>
        <test-case start='1666149911815' status='passed' stop='1666149911839'>
            <name></name>
            <title></title>
            <labels>
                <label name='language' value='javascript'/>
                <label name='framework' value='wdio'/>
                <label name='thread' value='0-0'/>
            </labels>
            <parameters>
                <parameter kind='argument' name='browser' value='chrome-106.0.5249.119'/>
            </parameters>
            <steps>
                <step start='1666149911817' status='passed' stop='1666149911831'>
                    <name>GET /session/:sessionId/cookie</name>
                    <title>GET /session/:sessionId/cookie</title>
                    <attachments>
                        <attachment title='Response' source='7e51743a-4939-4612-b670-9b49169fa404-attachment.json' type='application/json' size='2'/>
                    </attachments>
                    <steps/>
                </step>
                <step start='1666149911831' status='passed' stop='1666149911837'>
                    <name>DELETE /session/:sessionId/cookie</name>
                    <title>DELETE /session/:sessionId/cookie</title>
                    <attachments/>
                    <steps/>
                </step>
            </steps>
            <attachments/>
        </test-case>
        <test-case start='1666149911840' status='passed' stop='1666149911952'>
            <name>Given User opens "uitestingplayground" link</name>
            <title>Given User opens "uitestingplayground" link</title>
            <labels>
                <label name='language' value='javascript'/>
                <label name='framework' value='wdio'/>
                <label name='thread' value='0-0'/>
            </labels>
            <parameters>
                <parameter kind='argument' name='browser' value='chrome-106.0.5249.119'/>
            </parameters>
            <steps>
                <step start='1666149911841' status='passed' stop='1666149911848'>
                    <name>GET /session/:sessionId/url</name>
                    <title>GET /session/:sessionId/url</title>
                    <attachments>
                        <attachment title='Response' source='3e2e4644-2059-4bb5-90a7-e8f275add800-attachment.json' type='application/json' size='8'/>
                    </attachments>
                    <steps/>
                </step>
                <step start='1666149911849' status='passed' stop='1666149911951'>
                    <name>GET /session/:sessionId/screenshot</name>
                    <title>GET /session/:sessionId/screenshot</title>
                    <attachments>
                        <attachment title='Screenshot' source='a3ee25ac-8c99-4ce3-8480-71beb3a7e348-attachment.png' type='image/png' size='6038'/>
                    </attachments>
                    <steps/>
                </step>
            </steps>
            <attachments/>
        </test-case>
        <test-case start='1666149911953' status='passed' stop='1666149912051'>
            <name>Given User selects "class attribute" header</name>
            <title>Given User selects "class attribute" header</title>
            <labels>
                <label name='language' value='javascript'/>
                <label name='framework' value='wdio'/>
                <label name='thread' value='0-0'/>
            </labels>
            <parameters>
                <parameter kind='argument' name='browser' value='chrome-106.0.5249.119'/>
            </parameters>
            <steps>
                <step start='1666149911953' status='passed' stop='1666149912051'>
                    <name>GET /session/:sessionId/screenshot</name>
                    <title>GET /session/:sessionId/screenshot</title>
                    <attachments>
                        <attachment title='Screenshot' source='eb57c331-d6e7-476d-b4b1-772e95722975-attachment.png' type='image/png' size='6038'/>
                    </attachments>
                    <steps/>
                </step>
            </steps>
            <attachments/>
        </test-case>
        <test-case start='1666149912052' status='broken' stop='1666149912053'>
            <name>When User is displayed with "Class Attribute" browser title</name>
            <title>When User is displayed with "Class Attribute" browser title</title>
            <labels>
                <label name='language' value='javascript'/>
                <label name='framework' value='wdio'/>
                <label name='thread' value='0-0'/>
            </labels>
            <parameters>
                <parameter kind='argument' name='browser' value='chrome-106.0.5249.119'/>
            </parameters>
            <steps/>
            <attachments/>
            <failure>
                <message>Step "User is displayed with "Class Attribute" browser title" is not defined. You can ignore this error by setting cucumberOpts.ignoreUndefinedDefinitions as true.</message>
                <stack-trace>Step "User is displayed with "Class Attribute" browser title" is not defined. You can ignore this error by setting cucumberOpts.ignoreUndefinedDefinitions as true.
                	at Feature(C:\Users\Sidhant\Desktop\interview\tcoe-interviews\scenarios\uiplayground\test\features\ClassAttribute.feature):1:1
                	at Scenario(1:Scenario name):7:1
                	at Step(User is displayed with "Class Attribute" browser title):9:1
                </stack-trace>
            </failure>
        </test-case>
        <test-case start='1666149912053' status='broken' stop='1666149912053'>
            <name>Then User is navigated to "class attribute" url</name>
            <title>Then User is navigated to "class attribute" url</title>
            <labels>
                <label name='language' value='javascript'/>
                <label name='framework' value='wdio'/>
                <label name='thread' value='0-0'/>
            </labels>
            <parameters>
                <parameter kind='argument' name='browser' value='chrome-106.0.5249.119'/>
            </parameters>
            <steps/>
            <attachments/>
            <failure>
                <message>Step "User is navigated to "class attribute" url" is not defined. You can ignore this error by setting cucumberOpts.ignoreUndefinedDefinitions as true.</message>
                <stack-trace>Step "User is navigated to "class attribute" url" is not defined. You can ignore this error by setting cucumberOpts.ignoreUndefinedDefinitions as true.
                	at Feature(C:\Users\Sidhant\Desktop\interview\tcoe-interviews\scenarios\uiplayground\test\features\ClassAttribute.feature):1:1
                	at Scenario(1:Scenario name):7:1
                	at Step(User is navigated to "class attribute" url):10:1
                </stack-trace>
            </failure>
        </test-case>
        <test-case start='1666149912053' status='passed' stop='1666149912054'>
            <name></name>
            <title></title>
            <labels>
                <label name='language' value='javascript'/>
                <label name='framework' value='wdio'/>
                <label name='thread' value='0-0'/>
            </labels>
            <parameters>
                <parameter kind='argument' name='browser' value='chrome-106.0.5249.119'/>
            </parameters>
            <steps/>
            <attachments/>
        </test-case>
    </test-cases>
</ns2:test-suite>